<?xml version="1.0" encoding="UTF-8"?>
<!-- Generated by org.testng.reporters.JUnitReportReporter -->
<testsuite skipped="0" hostname="LIPL-HO-L-032" name="org.com.LinkCrawling" tests="1" failures="0" timestamp="27 Nov 2018 09:18:24 GMT" time="87.037" errors="0">
  <testcase name="findAllLinks" time="87.037" classname="org.com.LinkCrawling"/>
</testsuite> <!-- org.com.LinkCrawling -->
