<?xml version="1.0" encoding="UTF-8"?>
<!-- Generated by org.testng.reporters.JUnitReportReporter -->
<testsuite skipped="0" hostname="LIPL-HO-L-032" name="com.ltd.testcases.VerifyLoginTest" tests="1" failures="0" timestamp="24 Dec 2018 11:03:08 GMT" time="15.328" errors="0">
  <testcase name="startLoginValidation" time="15.328" classname="com.ltd.testcases.VerifyLoginTest"/>
</testsuite> <!-- com.ltd.testcases.VerifyLoginTest -->
