<?xml version="1.0" encoding="UTF-8"?>
<!-- Generated by org.testng.reporters.JUnitReportReporter -->
<testsuite skipped="0" hostname="LIPL-HO-L-032" name="org.com.loginPage" tests="4" failures="0" timestamp="12 Nov 2018 12:08:29 GMT" time="52.552" errors="0">
  <testcase name="myloginPageInvalidPassword" time="11.076" classname="org.com.loginPage"/>
  <testcase name="myBlankloginPage" time="11.864" classname="org.com.loginPage"/>
  <testcase name="myvalidloginPage" time="16.009" classname="org.com.loginPage"/>
  <testcase name="myloginPageInvalidUName" time="13.603" classname="org.com.loginPage"/>
</testsuite> <!-- org.com.loginPage -->
