<?xml version="1.0" encoding="UTF-8"?>
<!-- Generated by org.testng.reporters.JUnitReportReporter -->
<testsuite skipped="0" hostname="LIPL-HO-L-032" name="com.ltd.testcases.VerifyLoginTestUsingPageFactory" tests="1" failures="0" timestamp="26 Dec 2018 06:18:28 GMT" time="21.057" errors="0">
  <testcase name="startLoginValidation" time="21.057" classname="com.ltd.testcases.VerifyLoginTestUsingPageFactory"/>
</testsuite> <!-- com.ltd.testcases.VerifyLoginTestUsingPageFactory -->
