<?xml version="1.0" encoding="UTF-8"?>
<!-- Generated by org.testng.reporters.JUnitReportReporter -->
<testsuite skipped="0" hostname="LIPL-HO-L-032" name="org.com.loginPage" tests="1" failures="0" timestamp="11 Oct 2018 23:44:44 GMT" time="32.582" errors="0">
  <testcase name="myBlankloginPage" time="32.582" classname="org.com.loginPage"/>
</testsuite> <!-- org.com.loginPage -->
